Flow report for UltraSound
Fri Nov 08 21:36:02 2019
Quartus II 32-bit Version 12.1 Build 243 01/31/2013 Service Pack 1 SJ Full Version


---------------------
; Table of Contents ;
---------------------
  1. Legal Notice
  2. Flow Summary
  3. Flow Settings
  4. Flow Non-Default Global Settings
  5. Flow Elapsed Time
  6. Flow OS Summary
  7. Flow Log



----------------
; Legal Notice ;
----------------
Copyright (C) 1991-2012 Altera Corporation
Your use of Altera Corporation's design tools, logic functions 
and other software and tools, and its AMPP partner logic 
functions, and any output files from any of the foregoing 
(including device programming or simulation files), and any 
associated documentation or information are expressly subject 
to the terms and conditions of the Altera Program License 
Subscription Agreement, Altera MegaCore Function License 
Agreement, or other applicable license agreement, including, 
without limitation, that your use is for the sole purpose of 
programming logic devices manufactured by Altera and sold by 
Altera or its authorized distributors.  Please refer to the 
applicable agreement for further details.



+-------------------------------------------------------------------------------------+
; Flow Summary                                                                        ;
+------------------------------------+------------------------------------------------+
; Flow Status                        ; Successful - Fri Nov 08 21:35:02 2019          ;
; Quartus II 32-bit Version          ; 12.1 Build 243 01/31/2013 SP 1 SJ Full Version ;
; Revision Name                      ; UltraSound                                     ;
; Top-level Entity Name              ; ultrasound                                     ;
; Family                             ; Cyclone IV E                                   ;
; Device                             ; EP4CE115F29C7                                  ;
; Timing Models                      ; Final                                          ;
; Total logic elements               ; 51,562 / 114,480 ( 45 % )                      ;
;     Total combinational functions  ; 39,075 / 114,480 ( 34 % )                      ;
;     Dedicated logic registers      ; 33,791 / 114,480 ( 30 % )                      ;
; Total registers                    ; 33803                                          ;
; Total pins                         ; 23 / 529 ( 4 % )                               ;
; Total virtual pins                 ; 0                                              ;
; Total memory bits                  ; 1,122,928 / 3,981,312 ( 28 % )                 ;
; Embedded Multiplier 9-bit elements ; 180 / 532 ( 34 % )                             ;
; Total PLLs                         ; 2 / 4 ( 50 % )                                 ;
+------------------------------------+------------------------------------------------+


+-----------------------------------------+
; Flow Settings                           ;
+-------------------+---------------------+
; Option            ; Setting             ;
+-------------------+---------------------+
; Start date & time ; 11/08/2019 21:19:53 ;
; Main task         ; Compilation         ;
; Revision Name     ; UltraSound          ;
+-------------------+---------------------+


+----------------------------------------------------------------------------------------------------------------------------------------------------------------------------------------------------------------------------------------------------------------------------------------------------------------------------------+
; Flow Non-Default Global Settings                                                                                                                                                                                                                                                                                                 ;
+-------------------------------------+-------------------------------------------------------------------------------------------------------------------------------------------------------------------------------------------------------------------------------------------+---------------+-------------+------------------+
; Assignment Name                     ; Value                                                                                                                                                                                                                                     ; Default Value ; Entity Name ; Section Id       ;
+-------------------------------------+-------------------------------------------------------------------------------------------------------------------------------------------------------------------------------------------------------------------------------------------+---------------+-------------+------------------+
; COMPILER_SIGNATURE_ID               ; 220295159949484.157321919336744                                                                                                                                                                                                           ; --            ; --          ; --               ;
; ENABLE_SIGNALTAP                    ; On                                                                                                                                                                                                                                        ; --            ; --          ; --               ;
; IP_TOOL_NAME                        ; Triple Speed Ethernet                                                                                                                                                                                                                     ; --            ; --          ; --               ;
; IP_TOOL_NAME                        ; RAM: 1-PORT                                                                                                                                                                                                                               ; --            ; --          ; --               ;
; IP_TOOL_NAME                        ; RAM: 1-PORT                                                                                                                                                                                                                               ; --            ; --          ; --               ;
; IP_TOOL_NAME                        ; ALTPLL                                                                                                                                                                                                                                    ; --            ; --          ; --               ;
; IP_TOOL_NAME                        ; ALTCLKCTRL                                                                                                                                                                                                                                ; --            ; --          ; --               ;
; IP_TOOL_NAME                        ; ALTDDIO_OUT                                                                                                                                                                                                                               ; --            ; --          ; --               ;
; IP_TOOL_NAME                        ; RAM: 2-PORT                                                                                                                                                                                                                               ; --            ; --          ; --               ;
; IP_TOOL_NAME                        ; LPM_MULT                                                                                                                                                                                                                                  ; --            ; --          ; --               ;
; IP_TOOL_NAME                        ; CIC                                                                                                                                                                                                                                       ; --            ; --          ; --               ;
; IP_TOOL_NAME                        ; ALTPLL                                                                                                                                                                                                                                    ; --            ; --          ; --               ;
; IP_TOOL_VERSION                     ; 12.1                                                                                                                                                                                                                                      ; --            ; --          ; --               ;
; IP_TOOL_VERSION                     ; 12.1                                                                                                                                                                                                                                      ; --            ; --          ; --               ;
; IP_TOOL_VERSION                     ; 12.1                                                                                                                                                                                                                                      ; --            ; --          ; --               ;
; IP_TOOL_VERSION                     ; 12.1                                                                                                                                                                                                                                      ; --            ; --          ; --               ;
; IP_TOOL_VERSION                     ; 12.1                                                                                                                                                                                                                                      ; --            ; --          ; --               ;
; IP_TOOL_VERSION                     ; 12.1                                                                                                                                                                                                                                      ; --            ; --          ; --               ;
; IP_TOOL_VERSION                     ; 12.1                                                                                                                                                                                                                                      ; --            ; --          ; --               ;
; IP_TOOL_VERSION                     ; 12.1                                                                                                                                                                                                                                      ; --            ; --          ; --               ;
; IP_TOOL_VERSION                     ; 12.1                                                                                                                                                                                                                                      ; --            ; --          ; --               ;
; IP_TOOL_VERSION                     ; 12.1                                                                                                                                                                                                                                      ; --            ; --          ; --               ;
; MAX_CORE_JUNCTION_TEMP              ; 85                                                                                                                                                                                                                                        ; --            ; --          ; --               ;
; MIN_CORE_JUNCTION_TEMP              ; 0                                                                                                                                                                                                                                         ; --            ; --          ; --               ;
; MISC_FILE                           ; IP/triple_speed_ethernet-library/altera_tse_align_sync.v                                                                                                                                                                                  ; --            ; --          ; --               ;
; MISC_FILE                           ; IP/triple_speed_ethernet-library/altera_tse_alt2gxb_arriagx.v                                                                                                                                                                             ; --            ; --          ; --               ;
; MISC_FILE                           ; IP/triple_speed_ethernet-library/altera_tse_alt2gxb_basic.v                                                                                                                                                                               ; --            ; --          ; --               ;
; MISC_FILE                           ; IP/triple_speed_ethernet-library/altera_tse_alt2gxb_gige.v                                                                                                                                                                                ; --            ; --          ; --               ;
; MISC_FILE                           ; IP/triple_speed_ethernet-library/altera_tse_alt2gxb_gige_wo_rmfifo.v                                                                                                                                                                      ; --            ; --          ; --               ;
; MISC_FILE                           ; IP/triple_speed_ethernet-library/altera_tse_alt4gxb_gige.v                                                                                                                                                                                ; --            ; --          ; --               ;
; MISC_FILE                           ; IP/triple_speed_ethernet-library/altera_tse_alt4gxb_gige_wo_rmfifo.v                                                                                                                                                                      ; --            ; --          ; --               ;
; MISC_FILE                           ; IP/triple_speed_ethernet-library/altera_tse_altgx_civgx_gige.v                                                                                                                                                                            ; --            ; --          ; --               ;
; MISC_FILE                           ; IP/triple_speed_ethernet-library/altera_tse_altgx_civgx_gige_wo_rmfifo.v                                                                                                                                                                  ; --            ; --          ; --               ;
; MISC_FILE                           ; IP/triple_speed_ethernet-library/altera_tse_altshifttaps.v                                                                                                                                                                                ; --            ; --          ; --               ;
; MISC_FILE                           ; IP/triple_speed_ethernet-library/altera_tse_altsyncram_dpm_fifo.v                                                                                                                                                                         ; --            ; --          ; --               ;
; MISC_FILE                           ; IP/triple_speed_ethernet-library/altera_tse_avst_to_gmii_if.v                                                                                                                                                                             ; --            ; --          ; --               ;
; MISC_FILE                           ; IP/triple_speed_ethernet-library/altera_tse_a_fifo_13.v                                                                                                                                                                                   ; --            ; --          ; --               ;
; MISC_FILE                           ; IP/triple_speed_ethernet-library/altera_tse_a_fifo_24.v                                                                                                                                                                                   ; --            ; --          ; --               ;
; MISC_FILE                           ; IP/triple_speed_ethernet-library/altera_tse_a_fifo_34.v                                                                                                                                                                                   ; --            ; --          ; --               ;
; MISC_FILE                           ; IP/triple_speed_ethernet-library/altera_tse_a_fifo_opt_1246.v                                                                                                                                                                             ; --            ; --          ; --               ;
; MISC_FILE                           ; IP/triple_speed_ethernet-library/altera_tse_a_fifo_opt_14_44.v                                                                                                                                                                            ; --            ; --          ; --               ;
; MISC_FILE                           ; IP/triple_speed_ethernet-library/altera_tse_a_fifo_opt_36_10.v                                                                                                                                                                            ; --            ; --          ; --               ;
; MISC_FILE                           ; IP/triple_speed_ethernet-library/altera_tse_bin_cnt.v                                                                                                                                                                                     ; --            ; --          ; --               ;
; MISC_FILE                           ; IP/triple_speed_ethernet-library/altera_tse_carrier_sense.v                                                                                                                                                                               ; --            ; --          ; --               ;
; MISC_FILE                           ; IP/triple_speed_ethernet-library/altera_tse_clk_cntl.v                                                                                                                                                                                    ; --            ; --          ; --               ;
; MISC_FILE                           ; IP/triple_speed_ethernet-library/altera_tse_clk_gen.v                                                                                                                                                                                     ; --            ; --          ; --               ;
; MISC_FILE                           ; IP/triple_speed_ethernet-library/altera_tse_clock_crosser.v                                                                                                                                                                               ; --            ; --          ; --               ;
; MISC_FILE                           ; IP/triple_speed_ethernet-library/altera_tse_colision_detect.v                                                                                                                                                                             ; --            ; --          ; --               ;
; MISC_FILE                           ; IP/triple_speed_ethernet-library/altera_tse_crc328checker.v                                                                                                                                                                               ; --            ; --          ; --               ;
; MISC_FILE                           ; IP/triple_speed_ethernet-library/altera_tse_crc328generator.v                                                                                                                                                                             ; --            ; --          ; --               ;
; MISC_FILE                           ; IP/triple_speed_ethernet-library/altera_tse_crc32ctl8.v                                                                                                                                                                                   ; --            ; --          ; --               ;
; MISC_FILE                           ; IP/triple_speed_ethernet-library/altera_tse_crc32galois8.v                                                                                                                                                                                ; --            ; --          ; --               ;
; MISC_FILE                           ; IP/triple_speed_ethernet-library/altera_tse_dc_fifo.v                                                                                                                                                                                     ; --            ; --          ; --               ;
; MISC_FILE                           ; IP/triple_speed_ethernet-library/altera_tse_dec10b8b.v                                                                                                                                                                                    ; --            ; --          ; --               ;
; MISC_FILE                           ; IP/triple_speed_ethernet-library/altera_tse_dec_func.v                                                                                                                                                                                    ; --            ; --          ; --               ;
; MISC_FILE                           ; IP/triple_speed_ethernet-library/altera_tse_dpram_16x32.v                                                                                                                                                                                 ; --            ; --          ; --               ;
; MISC_FILE                           ; IP/triple_speed_ethernet-library/altera_tse_dpram_8x32.v                                                                                                                                                                                  ; --            ; --          ; --               ;
; MISC_FILE                           ; IP/triple_speed_ethernet-library/altera_tse_enc8b10b.v                                                                                                                                                                                    ; --            ; --          ; --               ;
; MISC_FILE                           ; IP/triple_speed_ethernet-library/altera_tse_fifoless_mac_rx.v                                                                                                                                                                             ; --            ; --          ; --               ;
; MISC_FILE                           ; IP/triple_speed_ethernet-library/altera_tse_fifoless_mac_tx.v                                                                                                                                                                             ; --            ; --          ; --               ;
; MISC_FILE                           ; IP/triple_speed_ethernet-library/altera_tse_fifoless_retransmit_cntl.v                                                                                                                                                                    ; --            ; --          ; --               ;
; MISC_FILE                           ; IP/triple_speed_ethernet-library/altera_tse_geth_pcs_wo_ratematch.v                                                                                                                                                                       ; --            ; --          ; --               ;
; MISC_FILE                           ; IP/triple_speed_ethernet-library/altera_tse_gige_reset_ctrl.v                                                                                                                                                                             ; --            ; --          ; --               ;
; MISC_FILE                           ; IP/triple_speed_ethernet-library/altera_tse_gmii_io.v                                                                                                                                                                                     ; --            ; --          ; --               ;
; MISC_FILE                           ; IP/triple_speed_ethernet-library/altera_tse_gmii_to_avst_if.v                                                                                                                                                                             ; --            ; --          ; --               ;
; MISC_FILE                           ; IP/triple_speed_ethernet-library/altera_tse_gray_cnt.v                                                                                                                                                                                    ; --            ; --          ; --               ;
; MISC_FILE                           ; IP/triple_speed_ethernet-library/altera_tse_gxb_aligned_rxsync.v                                                                                                                                                                          ; --            ; --          ; --               ;
; MISC_FILE                           ; IP/triple_speed_ethernet-library/altera_tse_gxb_gige_inst.v                                                                                                                                                                               ; --            ; --          ; --               ;
; MISC_FILE                           ; IP/triple_speed_ethernet-library/altera_tse_gxb_gige_phyip_inst.v                                                                                                                                                                         ; --            ; --          ; --               ;
; MISC_FILE                           ; IP/triple_speed_ethernet-library/altera_tse_hashing.v                                                                                                                                                                                     ; --            ; --          ; --               ;
; MISC_FILE                           ; IP/triple_speed_ethernet-library/altera_tse_host_control.v                                                                                                                                                                                ; --            ; --          ; --               ;
; MISC_FILE                           ; IP/triple_speed_ethernet-library/altera_tse_host_control_small.v                                                                                                                                                                          ; --            ; --          ; --               ;
; MISC_FILE                           ; IP/triple_speed_ethernet-library/altera_tse_lb_read_cntl.v                                                                                                                                                                                ; --            ; --          ; --               ;
; MISC_FILE                           ; IP/triple_speed_ethernet-library/altera_tse_lb_wrt_cntl.v                                                                                                                                                                                 ; --            ; --          ; --               ;
; MISC_FILE                           ; IP/triple_speed_ethernet-library/altera_tse_lfsr_10.v                                                                                                                                                                                     ; --            ; --          ; --               ;
; MISC_FILE                           ; IP/triple_speed_ethernet-library/altera_tse_loopback_ff.v                                                                                                                                                                                 ; --            ; --          ; --               ;
; MISC_FILE                           ; IP/triple_speed_ethernet-library/altera_tse_lvds_reset_sequencer.v                                                                                                                                                                        ; --            ; --          ; --               ;
; MISC_FILE                           ; IP/triple_speed_ethernet-library/altera_tse_lvds_reverse_loopback.v                                                                                                                                                                       ; --            ; --          ; --               ;
; MISC_FILE                           ; IP/triple_speed_ethernet-library/altera_tse_mac.v                                                                                                                                                                                         ; --            ; --          ; --               ;
; MISC_FILE                           ; IP/triple_speed_ethernet-library/altera_tse_mac_control.v                                                                                                                                                                                 ; --            ; --          ; --               ;
; MISC_FILE                           ; IP/triple_speed_ethernet-library/altera_tse_mac_pcs.v                                                                                                                                                                                     ; --            ; --          ; --               ;
; MISC_FILE                           ; IP/triple_speed_ethernet-library/altera_tse_mac_pcs_gige_woff.v                                                                                                                                                                           ; --            ; --          ; --               ;
; MISC_FILE                           ; IP/triple_speed_ethernet-library/altera_tse_mac_pcs_pma.v                                                                                                                                                                                 ; --            ; --          ; --               ;
; MISC_FILE                           ; IP/triple_speed_ethernet-library/altera_tse_mac_pcs_pma_ena.v                                                                                                                                                                             ; --            ; --          ; --               ;
; MISC_FILE                           ; IP/triple_speed_ethernet-library/altera_tse_mac_pcs_pma_gige.v                                                                                                                                                                            ; --            ; --          ; --               ;
; MISC_FILE                           ; IP/triple_speed_ethernet-library/altera_tse_mac_pcs_pma_gige_phyip.v                                                                                                                                                                      ; --            ; --          ; --               ;
; MISC_FILE                           ; IP/triple_speed_ethernet-library/altera_tse_mac_pcs_pma_strx_gx_ena.v                                                                                                                                                                     ; --            ; --          ; --               ;
; MISC_FILE                           ; IP/triple_speed_ethernet-library/altera_tse_mac_pcs_woff.v                                                                                                                                                                                ; --            ; --          ; --               ;
; MISC_FILE                           ; IP/triple_speed_ethernet-library/altera_tse_mac_rx.v                                                                                                                                                                                      ; --            ; --          ; --               ;
; MISC_FILE                           ; IP/triple_speed_ethernet-library/altera_tse_mac_tx.v                                                                                                                                                                                      ; --            ; --          ; --               ;
; MISC_FILE                           ; IP/triple_speed_ethernet-library/altera_tse_mac_woff.v                                                                                                                                                                                    ; --            ; --          ; --               ;
; MISC_FILE                           ; IP/triple_speed_ethernet-library/altera_tse_magic_detection.v                                                                                                                                                                             ; --            ; --          ; --               ;
; MISC_FILE                           ; IP/triple_speed_ethernet-library/altera_tse_mdio.v                                                                                                                                                                                        ; --            ; --          ; --               ;
; MISC_FILE                           ; IP/triple_speed_ethernet-library/altera_tse_mdio_clk_gen.v                                                                                                                                                                                ; --            ; --          ; --               ;
; MISC_FILE                           ; IP/triple_speed_ethernet-library/altera_tse_mdio_cntl.v                                                                                                                                                                                   ; --            ; --          ; --               ;
; MISC_FILE                           ; IP/triple_speed_ethernet-library/altera_tse_mdio_reg.v                                                                                                                                                                                    ; --            ; --          ; --               ;
; MISC_FILE                           ; IP/triple_speed_ethernet-library/altera_tse_mii_rx_if.v                                                                                                                                                                                   ; --            ; --          ; --               ;
; MISC_FILE                           ; IP/triple_speed_ethernet-library/altera_tse_mii_rx_if_pcs.v                                                                                                                                                                               ; --            ; --          ; --               ;
; MISC_FILE                           ; IP/triple_speed_ethernet-library/altera_tse_mii_tx_if.v                                                                                                                                                                                   ; --            ; --          ; --               ;
; MISC_FILE                           ; IP/triple_speed_ethernet-library/altera_tse_mii_tx_if_pcs.v                                                                                                                                                                               ; --            ; --          ; --               ;
; MISC_FILE                           ; IP/triple_speed_ethernet-library/altera_tse_multi_channel_arbiter.v                                                                                                                                                                       ; --            ; --          ; --               ;
; MISC_FILE                           ; IP/triple_speed_ethernet-library/altera_tse_multi_mac.v                                                                                                                                                                                   ; --            ; --          ; --               ;
; MISC_FILE                           ; IP/triple_speed_ethernet-library/altera_tse_multi_mac_pcs.v                                                                                                                                                                               ; --            ; --          ; --               ;
; MISC_FILE                           ; IP/triple_speed_ethernet-library/altera_tse_multi_mac_pcs_pma.v                                                                                                                                                                           ; --            ; --          ; --               ;
; MISC_FILE                           ; IP/triple_speed_ethernet-library/altera_tse_multi_mac_pcs_pma_gige.v                                                                                                                                                                      ; --            ; --          ; --               ;
; MISC_FILE                           ; IP/triple_speed_ethernet-library/altera_tse_multi_mac_pcs_pma_gige_phyip.v                                                                                                                                                                ; --            ; --          ; --               ;
; MISC_FILE                           ; IP/triple_speed_ethernet-library/altera_tse_pcs.v                                                                                                                                                                                         ; --            ; --          ; --               ;
; MISC_FILE                           ; IP/triple_speed_ethernet-library/altera_tse_pcs_control.v                                                                                                                                                                                 ; --            ; --          ; --               ;
; MISC_FILE                           ; IP/triple_speed_ethernet-library/altera_tse_pcs_host_control.v                                                                                                                                                                            ; --            ; --          ; --               ;
; MISC_FILE                           ; IP/triple_speed_ethernet-library/altera_tse_pcs_pma.v                                                                                                                                                                                     ; --            ; --          ; --               ;
; MISC_FILE                           ; IP/triple_speed_ethernet-library/altera_tse_pcs_pma_gige.v                                                                                                                                                                                ; --            ; --          ; --               ;
; MISC_FILE                           ; IP/triple_speed_ethernet-library/altera_tse_pcs_pma_gige_phyip.v                                                                                                                                                                          ; --            ; --          ; --               ;
; MISC_FILE                           ; IP/triple_speed_ethernet-library/altera_tse_ph_calculator.sv                                                                                                                                                                              ; --            ; --          ; --               ;
; MISC_FILE                           ; IP/triple_speed_ethernet-library/altera_tse_pma_lvds_rx.v                                                                                                                                                                                 ; --            ; --          ; --               ;
; MISC_FILE                           ; IP/triple_speed_ethernet-library/altera_tse_pma_lvds_rx_av.v                                                                                                                                                                              ; --            ; --          ; --               ;
; MISC_FILE                           ; IP/triple_speed_ethernet-library/altera_tse_pma_lvds_tx.v                                                                                                                                                                                 ; --            ; --          ; --               ;
; MISC_FILE                           ; IP/triple_speed_ethernet-library/altera_tse_ptp_1588_crc.v                                                                                                                                                                                ; --            ; --          ; --               ;
; MISC_FILE                           ; IP/triple_speed_ethernet-library/altera_tse_ptp_1588_rx_top.v                                                                                                                                                                             ; --            ; --          ; --               ;
; MISC_FILE                           ; IP/triple_speed_ethernet-library/altera_tse_ptp_1588_tx_top.v                                                                                                                                                                             ; --            ; --          ; --               ;
; MISC_FILE                           ; IP/triple_speed_ethernet-library/altera_tse_ptp_inserter.v                                                                                                                                                                                ; --            ; --          ; --               ;
; MISC_FILE                           ; IP/triple_speed_ethernet-library/altera_tse_quad_16x32.v                                                                                                                                                                                  ; --            ; --          ; --               ;
; MISC_FILE                           ; IP/triple_speed_ethernet-library/altera_tse_quad_8x32.v                                                                                                                                                                                   ; --            ; --          ; --               ;
; MISC_FILE                           ; IP/triple_speed_ethernet-library/altera_tse_register_map.v                                                                                                                                                                                ; --            ; --          ; --               ;
; MISC_FILE                           ; IP/triple_speed_ethernet-library/altera_tse_register_map_small.v                                                                                                                                                                          ; --            ; --          ; --               ;
; MISC_FILE                           ; IP/triple_speed_ethernet-library/altera_tse_reset_ctrl_lego.sv                                                                                                                                                                            ; --            ; --          ; --               ;
; MISC_FILE                           ; IP/triple_speed_ethernet-library/altera_tse_reset_sequencer.sv                                                                                                                                                                            ; --            ; --          ; --               ;
; MISC_FILE                           ; IP/triple_speed_ethernet-library/altera_tse_reset_synchronizer.v                                                                                                                                                                          ; --            ; --          ; --               ;
; MISC_FILE                           ; IP/triple_speed_ethernet-library/altera_tse_retransmit_cntl.v                                                                                                                                                                             ; --            ; --          ; --               ;
; MISC_FILE                           ; IP/triple_speed_ethernet-library/altera_tse_rgmii_in1.v                                                                                                                                                                                   ; --            ; --          ; --               ;
; MISC_FILE                           ; IP/triple_speed_ethernet-library/altera_tse_rgmii_in4.v                                                                                                                                                                                   ; --            ; --          ; --               ;
; MISC_FILE                           ; IP/triple_speed_ethernet-library/altera_tse_rgmii_module.v                                                                                                                                                                                ; --            ; --          ; --               ;
; MISC_FILE                           ; IP/triple_speed_ethernet-library/altera_tse_rgmii_out1.v                                                                                                                                                                                  ; --            ; --          ; --               ;
; MISC_FILE                           ; IP/triple_speed_ethernet-library/altera_tse_rgmii_out4.v                                                                                                                                                                                  ; --            ; --          ; --               ;
; MISC_FILE                           ; IP/triple_speed_ethernet-library/altera_tse_rx_converter.v                                                                                                                                                                                ; --            ; --          ; --               ;
; MISC_FILE                           ; IP/triple_speed_ethernet-library/altera_tse_rx_counter_cntl.v                                                                                                                                                                             ; --            ; --          ; --               ;
; MISC_FILE                           ; IP/triple_speed_ethernet-library/altera_tse_rx_encapsulation.v                                                                                                                                                                            ; --            ; --          ; --               ;
; MISC_FILE                           ; IP/triple_speed_ethernet-library/altera_tse_rx_encapsulation_strx_gx.v                                                                                                                                                                    ; --            ; --          ; --               ;
; MISC_FILE                           ; IP/triple_speed_ethernet-library/altera_tse_rx_ff.v                                                                                                                                                                                       ; --            ; --          ; --               ;
; MISC_FILE                           ; IP/triple_speed_ethernet-library/altera_tse_rx_ff_cntrl.v                                                                                                                                                                                 ; --            ; --          ; --               ;
; MISC_FILE                           ; IP/triple_speed_ethernet-library/altera_tse_rx_ff_cntrl_32.v                                                                                                                                                                              ; --            ; --          ; --               ;
; MISC_FILE                           ; IP/triple_speed_ethernet-library/altera_tse_rx_ff_cntrl_32_shift16.v                                                                                                                                                                      ; --            ; --          ; --               ;
; MISC_FILE                           ; IP/triple_speed_ethernet-library/altera_tse_rx_ff_length.v                                                                                                                                                                                ; --            ; --          ; --               ;
; MISC_FILE                           ; IP/triple_speed_ethernet-library/altera_tse_rx_fifo_rd.v                                                                                                                                                                                  ; --            ; --          ; --               ;
; MISC_FILE                           ; IP/triple_speed_ethernet-library/altera_tse_rx_min_ff.v                                                                                                                                                                                   ; --            ; --          ; --               ;
; MISC_FILE                           ; IP/triple_speed_ethernet-library/altera_tse_rx_stat_extract.v                                                                                                                                                                             ; --            ; --          ; --               ;
; MISC_FILE                           ; IP/triple_speed_ethernet-library/altera_tse_rx_sync.v                                                                                                                                                                                     ; --            ; --          ; --               ;
; MISC_FILE                           ; IP/triple_speed_ethernet-library/altera_tse_sdpm_altsyncram.v                                                                                                                                                                             ; --            ; --          ; --               ;
; MISC_FILE                           ; IP/triple_speed_ethernet-library/altera_tse_sdpm_gen.v                                                                                                                                                                                    ; --            ; --          ; --               ;
; MISC_FILE                           ; IP/triple_speed_ethernet-library/altera_tse_sgmii_clk_cntl.v                                                                                                                                                                              ; --            ; --          ; --               ;
; MISC_FILE                           ; IP/triple_speed_ethernet-library/altera_tse_sgmii_clk_div.v                                                                                                                                                                               ; --            ; --          ; --               ;
; MISC_FILE                           ; IP/triple_speed_ethernet-library/altera_tse_sgmii_clk_enable.v                                                                                                                                                                            ; --            ; --          ; --               ;
; MISC_FILE                           ; IP/triple_speed_ethernet-library/altera_tse_sgmii_clk_scheduler.v                                                                                                                                                                         ; --            ; --          ; --               ;
; MISC_FILE                           ; IP/triple_speed_ethernet-library/altera_tse_shared_mac_control.v                                                                                                                                                                          ; --            ; --          ; --               ;
; MISC_FILE                           ; IP/triple_speed_ethernet-library/altera_tse_shared_register_map.v                                                                                                                                                                         ; --            ; --          ; --               ;
; MISC_FILE                           ; IP/triple_speed_ethernet-library/altera_tse_timestamp_req_ctrl.v                                                                                                                                                                          ; --            ; --          ; --               ;
; MISC_FILE                           ; IP/triple_speed_ethernet-library/altera_tse_timing_adapter32.v                                                                                                                                                                            ; --            ; --          ; --               ;
; MISC_FILE                           ; IP/triple_speed_ethernet-library/altera_tse_timing_adapter8.v                                                                                                                                                                             ; --            ; --          ; --               ;
; MISC_FILE                           ; IP/triple_speed_ethernet-library/altera_tse_timing_adapter_fifo32.v                                                                                                                                                                       ; --            ; --          ; --               ;
; MISC_FILE                           ; IP/triple_speed_ethernet-library/altera_tse_timing_adapter_fifo8.v                                                                                                                                                                        ; --            ; --          ; --               ;
; MISC_FILE                           ; IP/triple_speed_ethernet-library/altera_tse_top_1000_base_x.v                                                                                                                                                                             ; --            ; --          ; --               ;
; MISC_FILE                           ; IP/triple_speed_ethernet-library/altera_tse_top_1000_base_x_strx_gx.v                                                                                                                                                                     ; --            ; --          ; --               ;
; MISC_FILE                           ; IP/triple_speed_ethernet-library/altera_tse_top_1geth.v                                                                                                                                                                                   ; --            ; --          ; --               ;
; MISC_FILE                           ; IP/triple_speed_ethernet-library/altera_tse_top_autoneg.v                                                                                                                                                                                 ; --            ; --          ; --               ;
; MISC_FILE                           ; IP/triple_speed_ethernet-library/altera_tse_top_fifoless_1geth.v                                                                                                                                                                          ; --            ; --          ; --               ;
; MISC_FILE                           ; IP/triple_speed_ethernet-library/altera_tse_top_gen_host.v                                                                                                                                                                                ; --            ; --          ; --               ;
; MISC_FILE                           ; IP/triple_speed_ethernet-library/altera_tse_top_mdio.v                                                                                                                                                                                    ; --            ; --          ; --               ;
; MISC_FILE                           ; IP/triple_speed_ethernet-library/altera_tse_top_multi_mac.v                                                                                                                                                                               ; --            ; --          ; --               ;
; MISC_FILE                           ; IP/triple_speed_ethernet-library/altera_tse_top_multi_mac_pcs.v                                                                                                                                                                           ; --            ; --          ; --               ;
; MISC_FILE                           ; IP/triple_speed_ethernet-library/altera_tse_top_multi_mac_pcs_gige.v                                                                                                                                                                      ; --            ; --          ; --               ;
; MISC_FILE                           ; IP/triple_speed_ethernet-library/altera_tse_top_pcs.v                                                                                                                                                                                     ; --            ; --          ; --               ;
; MISC_FILE                           ; IP/triple_speed_ethernet-library/altera_tse_top_pcs_strx_gx.v                                                                                                                                                                             ; --            ; --          ; --               ;
; MISC_FILE                           ; IP/triple_speed_ethernet-library/altera_tse_top_rx.v                                                                                                                                                                                      ; --            ; --          ; --               ;
; MISC_FILE                           ; IP/triple_speed_ethernet-library/altera_tse_top_rx_converter.v                                                                                                                                                                            ; --            ; --          ; --               ;
; MISC_FILE                           ; IP/triple_speed_ethernet-library/altera_tse_top_sgmii.v                                                                                                                                                                                   ; --            ; --          ; --               ;
; MISC_FILE                           ; IP/triple_speed_ethernet-library/altera_tse_top_sgmii_strx_gx.v                                                                                                                                                                           ; --            ; --          ; --               ;
; MISC_FILE                           ; IP/triple_speed_ethernet-library/altera_tse_top_tx.v                                                                                                                                                                                      ; --            ; --          ; --               ;
; MISC_FILE                           ; IP/triple_speed_ethernet-library/altera_tse_top_tx_converter.v                                                                                                                                                                            ; --            ; --          ; --               ;
; MISC_FILE                           ; IP/triple_speed_ethernet-library/altera_tse_top_wo_fifo.v                                                                                                                                                                                 ; --            ; --          ; --               ;
; MISC_FILE                           ; IP/triple_speed_ethernet-library/altera_tse_top_wo_fifo_10_100_1000.v                                                                                                                                                                     ; --            ; --          ; --               ;
; MISC_FILE                           ; IP/triple_speed_ethernet-library/altera_tse_top_w_fifo.v                                                                                                                                                                                  ; --            ; --          ; --               ;
; MISC_FILE                           ; IP/triple_speed_ethernet-library/altera_tse_top_w_fifo_10_100_1000.v                                                                                                                                                                      ; --            ; --          ; --               ;
; MISC_FILE                           ; IP/triple_speed_ethernet-library/altera_tse_tsu.v                                                                                                                                                                                         ; --            ; --          ; --               ;
; MISC_FILE                           ; IP/triple_speed_ethernet-library/altera_tse_tx_converter.v                                                                                                                                                                                ; --            ; --          ; --               ;
; MISC_FILE                           ; IP/triple_speed_ethernet-library/altera_tse_tx_counter_cntl.v                                                                                                                                                                             ; --            ; --          ; --               ;
; MISC_FILE                           ; IP/triple_speed_ethernet-library/altera_tse_tx_encapsulation.v                                                                                                                                                                            ; --            ; --          ; --               ;
; MISC_FILE                           ; IP/triple_speed_ethernet-library/altera_tse_tx_ff.v                                                                                                                                                                                       ; --            ; --          ; --               ;
; MISC_FILE                           ; IP/triple_speed_ethernet-library/altera_tse_tx_ff_cntrl.v                                                                                                                                                                                 ; --            ; --          ; --               ;
; MISC_FILE                           ; IP/triple_speed_ethernet-library/altera_tse_tx_ff_cntrl_32.v                                                                                                                                                                              ; --            ; --          ; --               ;
; MISC_FILE                           ; IP/triple_speed_ethernet-library/altera_tse_tx_ff_cntrl_32_shift16.v                                                                                                                                                                      ; --            ; --          ; --               ;
; MISC_FILE                           ; IP/triple_speed_ethernet-library/altera_tse_tx_ff_length.v                                                                                                                                                                                ; --            ; --          ; --               ;
; MISC_FILE                           ; IP/triple_speed_ethernet-library/altera_tse_tx_ff_read_cntl.v                                                                                                                                                                             ; --            ; --          ; --               ;
; MISC_FILE                           ; IP/triple_speed_ethernet-library/altera_tse_tx_min_ff.v                                                                                                                                                                                   ; --            ; --          ; --               ;
; MISC_FILE                           ; IP/triple_speed_ethernet-library/altera_tse_tx_stat_extract.v                                                                                                                                                                             ; --            ; --          ; --               ;
; MISC_FILE                           ; IP/triple_speed_ethernet-library/altera_tse_xcvr_resync.v                                                                                                                                                                                 ; --            ; --          ; --               ;
; MISC_FILE                           ; IP/ether1.v                                                                                                                                                                                                                               ; --            ; --          ; --               ;
; MISC_FILE                           ; IP/ether1_bb.v                                                                                                                                                                                                                            ; --            ; --          ; --               ;
; MISC_FILE                           ; IP/ether1.bsf                                                                                                                                                                                                                             ; --            ; --          ; --               ;
; MISC_FILE                           ; IP/ether1.vo                                                                                                                                                                                                                              ; --            ; --          ; --               ;
; MISC_FILE                           ; IP/ether1.qip                                                                                                                                                                                                                             ; --            ; --          ; --               ;
; MISC_FILE                           ; IP/ether1.html                                                                                                                                                                                                                            ; --            ; --          ; --               ;
; MISC_FILE                           ; IP/enet_clk_pll.ppf                                                                                                                                                                                                                       ; --            ; --          ; --               ;
; MISC_FILE                           ; IP/ddio_out1_inst.v                                                                                                                                                                                                                       ; --            ; --          ; --               ;
; MISC_FILE                           ; IP/ddio_out1.ppf                                                                                                                                                                                                                          ; --            ; --          ; --               ;
; MISC_FILE                           ; IP/cic-library/auk_dspip_avalon_streaming_block_sink_cic_121.vhd                                                                                                                                                                          ; --            ; --          ; --               ;
; MISC_FILE                           ; IP/cic-library/auk_dspip_avalon_streaming_block_sink_fftfprvs_cic_121.vhd                                                                                                                                                                 ; --            ; --          ; --               ;
; MISC_FILE                           ; IP/cic-library/auk_dspip_avalon_streaming_block_source_cic_121.vhd                                                                                                                                                                        ; --            ; --          ; --               ;
; MISC_FILE                           ; IP/cic-library/auk_dspip_avalon_streaming_controller_cic_121.vhd                                                                                                                                                                          ; --            ; --          ; --               ;
; MISC_FILE                           ; IP/cic-library/auk_dspip_avalon_streaming_controller_pe_cic_121.vhd                                                                                                                                                                       ; --            ; --          ; --               ;
; MISC_FILE                           ; IP/cic-library/auk_dspip_avalon_streaming_sink_cic_121.vhd                                                                                                                                                                                ; --            ; --          ; --               ;
; MISC_FILE                           ; IP/cic-library/auk_dspip_avalon_streaming_source_cic_121.vhd                                                                                                                                                                              ; --            ; --          ; --               ;
; MISC_FILE                           ; IP/cic-library/auk_dspip_cic_lib_pkg_cic_121.vhd                                                                                                                                                                                          ; --            ; --          ; --               ;
; MISC_FILE                           ; IP/cic-library/auk_dspip_delay_cic_121.vhd                                                                                                                                                                                                ; --            ; --          ; --               ;
; MISC_FILE                           ; IP/cic-library/auk_dspip_differentiator_cic_121.vhd                                                                                                                                                                                       ; --            ; --          ; --               ;
; MISC_FILE                           ; IP/cic-library/auk_dspip_downsample_cic_121.vhd                                                                                                                                                                                           ; --            ; --          ; --               ;
; MISC_FILE                           ; IP/cic-library/auk_dspip_fastaddsub_cic_121.vhd                                                                                                                                                                                           ; --            ; --          ; --               ;
; MISC_FILE                           ; IP/cic-library/auk_dspip_fastadd_cic_121.vhd                                                                                                                                                                                              ; --            ; --          ; --               ;
; MISC_FILE                           ; IP/cic-library/auk_dspip_integrator_cic_121.vhd                                                                                                                                                                                           ; --            ; --          ; --               ;
; MISC_FILE                           ; IP/cic-library/auk_dspip_lib_pkg_cic_121.vhd                                                                                                                                                                                              ; --            ; --          ; --               ;
; MISC_FILE                           ; IP/cic-library/auk_dspip_math_pkg_cic_121.vhd                                                                                                                                                                                             ; --            ; --          ; --               ;
; MISC_FILE                           ; IP/cic-library/auk_dspip_pipelined_adder_cic_121.vhd                                                                                                                                                                                      ; --            ; --          ; --               ;
; MISC_FILE                           ; IP/cic-library/auk_dspip_roundsat_cic_121.vhd                                                                                                                                                                                             ; --            ; --          ; --               ;
; MISC_FILE                           ; IP/cic-library/auk_dspip_text_pkg_cic_121.vhd                                                                                                                                                                                             ; --            ; --          ; --               ;
; MISC_FILE                           ; IP/cic-library/auk_dspip_upsample_cic_121.vhd                                                                                                                                                                                             ; --            ; --          ; --               ;
; MISC_FILE                           ; IP/cic-library/auk_dspip_variable_downsample_cic_121.vhd                                                                                                                                                                                  ; --            ; --          ; --               ;
; MISC_FILE                           ; IP/cic_inp_cic.vhd                                                                                                                                                                                                                        ; --            ; --          ; --               ;
; MISC_FILE                           ; IP/cic_inp_quartus.tcl                                                                                                                                                                                                                    ; --            ; --          ; --               ;
; MISC_FILE                           ; IP/cic_inp_fir_comp_coeff.m                                                                                                                                                                                                               ; --            ; --          ; --               ;
; MISC_FILE                           ; IP/cic_inp_input.txt                                                                                                                                                                                                                      ; --            ; --          ; --               ;
; MISC_FILE                           ; IP/cic_inp_nativelink.tcl                                                                                                                                                                                                                 ; --            ; --          ; --               ;
; MISC_FILE                           ; IP/cic_inp_tb.v                                                                                                                                                                                                                           ; --            ; --          ; --               ;
; MISC_FILE                           ; IP/cic_inp.v                                                                                                                                                                                                                              ; --            ; --          ; --               ;
; MISC_FILE                           ; IP/cic_inp.bsf                                                                                                                                                                                                                            ; --            ; --          ; --               ;
; MISC_FILE                           ; IP/cic_inp.vo                                                                                                                                                                                                                             ; --            ; --          ; --               ;
; MISC_FILE                           ; IP/cic_inp.qip                                                                                                                                                                                                                            ; --            ; --          ; --               ;
; MISC_FILE                           ; IP/cic_inp.html                                                                                                                                                                                                                           ; --            ; --          ; --               ;
; MISC_FILE                           ; IP/main_pll.ppf                                                                                                                                                                                                                           ; --            ; --          ; --               ;
; OUTPUT_IO_TIMING_FAR_END_VMEAS      ; Half Signal Swing                                                                                                                                                                                                                         ; --            ; --          ; --               ;
; OUTPUT_IO_TIMING_FAR_END_VMEAS      ; Half Signal Swing                                                                                                                                                                                                                         ; --            ; --          ; --               ;
; OUTPUT_IO_TIMING_NEAR_END_VMEAS     ; Half Vccio                                                                                                                                                                                                                                ; --            ; --          ; --               ;
; OUTPUT_IO_TIMING_NEAR_END_VMEAS     ; Half Vccio                                                                                                                                                                                                                                ; --            ; --          ; --               ;
; PARTITION_COLOR                     ; 16764057                                                                                                                                                                                                                                  ; --            ; ultrasound  ; Top              ;
; PARTITION_FITTER_PRESERVATION_LEVEL ; PLACEMENT_AND_ROUTING                                                                                                                                                                                                                     ; --            ; ultrasound  ; Top              ;
; PARTITION_NETLIST_TYPE              ; SOURCE                                                                                                                                                                                                                                    ; --            ; ultrasound  ; Top              ;
; PROJECT_OUTPUT_DIRECTORY            ; output_files                                                                                                                                                                                                                              ; --            ; --          ; --               ;
; SEARCH_PATH                         ; IP/.                                                                                                                                                                                                                                      ; --            ; --          ; --               ;
; SEARCH_PATH                         ; IP/triple_speed_ethernet-library                                                                                                                                                                                                          ; --            ; --          ; --               ;
; SEARCH_PATH                         ; IP/.                                                                                                                                                                                                                                      ; --            ; --          ; --               ;
; SEARCH_PATH                         ; IP/cic-library                                                                                                                                                                                                                            ; --            ; --          ; --               ;
; SLD_NODE_CREATOR_ID                 ; 110                                                                                                                                                                                                                                       ; --            ; --          ; auto_signaltap_0 ;
; SLD_NODE_ENTITY_NAME                ; sld_signaltap                                                                                                                                                                                                                             ; --            ; --          ; auto_signaltap_0 ;
; SLD_NODE_PARAMETER_ASSIGNMENT       ; SLD_NODE_INFO=805334528                                                                                                                                                                                                                   ; --            ; --          ; auto_signaltap_0 ;
; SLD_NODE_PARAMETER_ASSIGNMENT       ; SLD_POWER_UP_TRIGGER=0                                                                                                                                                                                                                    ; --            ; --          ; auto_signaltap_0 ;
; SLD_NODE_PARAMETER_ASSIGNMENT       ; SLD_STORAGE_QUALIFIER_INVERSION_MASK_LENGTH=0                                                                                                                                                                                             ; --            ; --          ; auto_signaltap_0 ;
; SLD_NODE_PARAMETER_ASSIGNMENT       ; SLD_ATTRIBUTE_MEM_MODE=OFF                                                                                                                                                                                                                ; --            ; --          ; auto_signaltap_0 ;
; SLD_NODE_PARAMETER_ASSIGNMENT       ; SLD_STATE_FLOW_USE_GENERATED=0                                                                                                                                                                                                            ; --            ; --          ; auto_signaltap_0 ;
; SLD_NODE_PARAMETER_ASSIGNMENT       ; SLD_STATE_BITS=11                                                                                                                                                                                                                         ; --            ; --          ; auto_signaltap_0 ;
; SLD_NODE_PARAMETER_ASSIGNMENT       ; SLD_BUFFER_FULL_STOP=1                                                                                                                                                                                                                    ; --            ; --          ; auto_signaltap_0 ;
; SLD_NODE_PARAMETER_ASSIGNMENT       ; SLD_CURRENT_RESOURCE_WIDTH=1                                                                                                                                                                                                              ; --            ; --          ; auto_signaltap_0 ;
; SLD_NODE_PARAMETER_ASSIGNMENT       ; SLD_TRIGGER_LEVEL=1                                                                                                                                                                                                                       ; --            ; --          ; auto_signaltap_0 ;
; SLD_NODE_PARAMETER_ASSIGNMENT       ; SLD_TRIGGER_IN_ENABLED=0                                                                                                                                                                                                                  ; --            ; --          ; auto_signaltap_0 ;
; SLD_NODE_PARAMETER_ASSIGNMENT       ; SLD_ADVANCED_TRIGGER_ENTITY=basic,1,                                                                                                                                                                                                      ; --            ; --          ; auto_signaltap_0 ;
; SLD_NODE_PARAMETER_ASSIGNMENT       ; SLD_TRIGGER_LEVEL_PIPELINE=1                                                                                                                                                                                                              ; --            ; --          ; auto_signaltap_0 ;
; SLD_NODE_PARAMETER_ASSIGNMENT       ; SLD_ENABLE_ADVANCED_TRIGGER=0                                                                                                                                                                                                             ; --            ; --          ; auto_signaltap_0 ;
; SLD_NODE_PARAMETER_ASSIGNMENT       ; SLD_SEGMENT_SIZE=256                                                                                                                                                                                                                      ; --            ; --          ; auto_signaltap_0 ;
; SLD_NODE_PARAMETER_ASSIGNMENT       ; SLD_SAMPLE_DEPTH=256                                                                                                                                                                                                                      ; --            ; --          ; auto_signaltap_0 ;
; SLD_NODE_PARAMETER_ASSIGNMENT       ; SLD_DATA_BITS=64                                                                                                                                                                                                                          ; --            ; --          ; auto_signaltap_0 ;
; SLD_NODE_PARAMETER_ASSIGNMENT       ; SLD_TRIGGER_BITS=64                                                                                                                                                                                                                       ; --            ; --          ; auto_signaltap_0 ;
; SLD_NODE_PARAMETER_ASSIGNMENT       ; SLD_INVERSION_MASK=0000000000000000000000000000000000000000000000000000000000000000000000000000000000000000000000000000000000000000000000000000000000000000000000000000000000000000000000000000000000000000000000000000000000000000000000 ; --            ; --          ; auto_signaltap_0 ;
; SLD_NODE_PARAMETER_ASSIGNMENT       ; SLD_INVERSION_MASK_LENGTH=214                                                                                                                                                                                                             ; --            ; --          ; auto_signaltap_0 ;
; SLD_NODE_PARAMETER_ASSIGNMENT       ; SLD_NODE_CRC_LOWORD=20153                                                                                                                                                                                                                 ; --            ; --          ; auto_signaltap_0 ;
; SLD_NODE_PARAMETER_ASSIGNMENT       ; SLD_NODE_CRC_HIWORD=56090                                                                                                                                                                                                                 ; --            ; --          ; auto_signaltap_0 ;
; USE_SIGNALTAP_FILE                  ; signaltap/controller.stp                                                                                                                                                                                                                  ; --            ; --          ; --               ;
+-------------------------------------+-------------------------------------------------------------------------------------------------------------------------------------------------------------------------------------------------------------------------------------------+---------------+-------------+------------------+


+-------------------------------------------------------------------------------------------------------------------------------+
; Flow Elapsed Time                                                                                                             ;
+---------------------------+--------------+-------------------------+---------------------+------------------------------------+
; Module Name               ; Elapsed Time ; Average Processors Used ; Peak Virtual Memory ; Total CPU Time (on all processors) ;
+---------------------------+--------------+-------------------------+---------------------+------------------------------------+
; Analysis & Synthesis      ; 00:03:45     ; 1.0                     ; 803 MB              ; 00:03:39                           ;
; Fitter                    ; 00:10:32     ; 1.6                     ; 1226 MB             ; 00:14:18                           ;
; Assembler                 ; 00:00:14     ; 1.0                     ; 502 MB              ; 00:00:13                           ;
; TimeQuest Timing Analyzer ; 00:00:57     ; 1.5                     ; 957 MB              ; 00:01:09                           ;
; Total                     ; 00:15:28     ; --                      ; --                  ; 00:19:19                           ;
+---------------------------+--------------+-------------------------+---------------------+------------------------------------+


+----------------------------------------------------------------------------------------+
; Flow OS Summary                                                                        ;
+---------------------------+------------------+-----------+------------+----------------+
; Module Name               ; Machine Hostname ; OS Name   ; OS Version ; Processor type ;
+---------------------------+------------------+-----------+------------+----------------+
; Analysis & Synthesis      ; yuchen2          ; Windows 7 ; 6.2        ; x86_64         ;
; Fitter                    ; yuchen2          ; Windows 7 ; 6.2        ; x86_64         ;
; Assembler                 ; yuchen2          ; Windows 7 ; 6.2        ; x86_64         ;
; TimeQuest Timing Analyzer ; yuchen2          ; Windows 7 ; 6.2        ; x86_64         ;
+---------------------------+------------------+-----------+------------+----------------+


------------
; Flow Log ;
------------
quartus_map --read_settings_files=on --write_settings_files=off UltraSound -c UltraSound
quartus_fit --read_settings_files=off --write_settings_files=off UltraSound -c UltraSound
quartus_asm --read_settings_files=off --write_settings_files=off UltraSound -c UltraSound
quartus_sta UltraSound -c UltraSound



