Assembler report for UltraSound
Sat Aug 24 16:59:41 2019
Quartus II 32-bit Version 12.1 Build 243 01/31/2013 Service Pack 1 SJ Full Version


---------------------
; Table of Contents ;
---------------------
  1. Legal Notice
  2. Assembler Summary
  3. Assembler Settings
  4. Assembler Encrypted IP Cores Summary
  5. Assembler Generated Files
  6. Assembler Device Options: C:/chenyu/RTL_work/RTL_work/UltraSound/output_files/UltraSound.sof
  7. Assembler Messages



----------------
; Legal Notice ;
----------------
Copyright (C) 1991-2012 Altera Corporation
Your use of Altera Corporation's design tools, logic functions 
and other software and tools, and its AMPP partner logic 
functions, and any output files from any of the foregoing 
(including device programming or simulation files), and any 
associated documentation or information are expressly subject 
to the terms and conditions of the Altera Program License 
Subscription Agreement, Altera MegaCore Function License 
Agreement, or other applicable license agreement, including, 
without limitation, that your use is for the sole purpose of 
programming logic devices manufactured by Altera and sold by 
Altera or its authorized distributors.  Please refer to the 
applicable agreement for further details.



+---------------------------------------------------------------+
; Assembler Summary                                             ;
+-----------------------+---------------------------------------+
; Assembler Status      ; Successful - Sat Aug 24 16:59:41 2019 ;
; Revision Name         ; UltraSound                            ;
; Top-level Entity Name ; ultrasound                            ;
; Family                ; Cyclone IV E                          ;
; Device                ; EP4CE115F29C7                         ;
+-----------------------+---------------------------------------+


+--------------------------------------------------------------------------------------------------------+
; Assembler Settings                                                                                     ;
+-----------------------------------------------------------------------------+----------+---------------+
; Option                                                                      ; Setting  ; Default Value ;
+-----------------------------------------------------------------------------+----------+---------------+
; Use smart compilation                                                       ; Off      ; Off           ;
; Enable parallel Assembler and TimeQuest Timing Analyzer during compilation  ; On       ; On            ;
; Enable compact report table                                                 ; Off      ; Off           ;
; Generate compressed bitstreams                                              ; On       ; On            ;
; Compression mode                                                            ; Off      ; Off           ;
; Clock source for configuration device                                       ; Internal ; Internal      ;
; Clock frequency of the configuration device                                 ; 10 MHZ   ; 10 MHz        ;
; Divide clock frequency by                                                   ; 1        ; 1             ;
; Auto user code                                                              ; Off      ; Off           ;
; Use configuration device                                                    ; Off      ; Off           ;
; Configuration device                                                        ; Auto     ; Auto          ;
; Configuration device auto user code                                         ; Off      ; Off           ;
; Generate Tabular Text File (.ttf) For Target Device                         ; Off      ; Off           ;
; Generate Raw Binary File (.rbf) For Target Device                           ; Off      ; Off           ;
; Generate Hexadecimal (Intel-Format) Output File (.hexout) for Target Device ; Off      ; Off           ;
; Hexadecimal Output File start address                                       ; 0        ; 0             ;
; Hexadecimal Output File count direction                                     ; Up       ; Up            ;
; Release clears before tri-states                                            ; Off      ; Off           ;
; Auto-restart configuration after error                                      ; On       ; On            ;
; Enable OCT_DONE                                                             ; Off      ; Off           ;
; Generate Serial Vector Format File (.svf) for Target Device                 ; Off      ; Off           ;
; Generate a JEDEC STAPL Format File (.jam) for Target Device                 ; Off      ; Off           ;
; Generate a compressed Jam STAPL Byte Code 2.0 File (.jbc) for Target Device ; Off      ; Off           ;
; Generate a compressed Jam STAPL Byte Code 2.0 File (.jbc) for Target Device ; On       ; On            ;
+-----------------------------------------------------------------------------+----------+---------------+


+-------------------------------------------------------------+
; Assembler Encrypted IP Cores Summary                        ;
+--------+-------------------------------------+--------------+
; Vendor ; IP Core Name                        ; License Type ;
+--------+-------------------------------------+--------------+
; Altera ; "CIC" (6AF7 00BB)                   ; Licensed     ;
; Altera ; CIC (6AF7 00BB)                     ; Licensed     ;
; Altera ; "Triple Speed Ethernet" (6AF7 00BD) ; Licensed     ;
; Altera ; Signal Tap (6AF7 BCE1)              ; Licensed     ;
; Altera ; Signal Tap (6AF7 BCEC)              ; Licensed     ;
+--------+-------------------------------------+--------------+


+--------------------------------------------------------------------+
; Assembler Generated Files                                          ;
+--------------------------------------------------------------------+
; File Name                                                          ;
+--------------------------------------------------------------------+
; C:/chenyu/RTL_work/RTL_work/UltraSound/output_files/UltraSound.sof ;
+--------------------------------------------------------------------+


+----------------------------------------------------------------------------------------------+
; Assembler Device Options: C:/chenyu/RTL_work/RTL_work/UltraSound/output_files/UltraSound.sof ;
+----------------+-----------------------------------------------------------------------------+
; Option         ; Setting                                                                     ;
+----------------+-----------------------------------------------------------------------------+
; Device         ; EP4CE115F29C7                                                               ;
; JTAG usercode  ; 0xFFFFFFFF                                                                  ;
; Checksum       ; 0x00E1C841                                                                  ;
+----------------+-----------------------------------------------------------------------------+


+--------------------+
; Assembler Messages ;
+--------------------+
Info: *******************************************************************
Info: Running Quartus II 32-bit Assembler
    Info: Version 12.1 Build 243 01/31/2013 Service Pack 1 SJ Full Version
    Info: Processing started: Sat Aug 24 16:59:32 2019
Info: Command: quartus_asm --read_settings_files=off --write_settings_files=off UltraSound -c UltraSound
Info (115031): Writing out detailed assembly data for power analysis
Info (115030): Assembler is generating device programming files
Info: Quartus II 32-bit Assembler was successful. 0 errors, 0 warnings
    Info: Peak virtual memory: 413 megabytes
    Info: Processing ended: Sat Aug 24 16:59:41 2019
    Info: Elapsed time: 00:00:09
    Info: Total CPU time (on all processors): 00:00:10


